  TIN.cpp
C:\Users\王子恒\Desktop\Geological-modeling-based-on-OpenGL\Build\TIN.cpp(80,12): warning C4244: “参数”: 从“time_t”转换到“unsigned int”，可能丢失数据
C:\Users\王子恒\Desktop\Geological-modeling-based-on-OpenGL\Build\TIN.cpp(101,30): warning C4267: “=”: 从“size_t”转换到“long”，可能丢失数据
C:\Users\王子恒\Desktop\Geological-modeling-based-on-OpenGL\Build\TIN.cpp(117,30): warning C4267: “=”: 从“size_t”转换到“long”，可能丢失数据
C:\Users\王子恒\Desktop\Geological-modeling-based-on-OpenGL\Build\TIN.cpp(123,30): warning C4267: “=”: 从“size_t”转换到“long”，可能丢失数据
C:\Users\王子恒\Desktop\Geological-modeling-based-on-OpenGL\Build\TIN.cpp(199,35): warning C4267: “=”: 从“size_t”转换到“long”，可能丢失数据
C:\Users\王子恒\Desktop\Geological-modeling-based-on-OpenGL\Build\TIN.cpp(213,35): warning C4267: “=”: 从“size_t”转换到“long”，可能丢失数据
C:\Users\王子恒\Desktop\Geological-modeling-based-on-OpenGL\Build\TIN.cpp(297,35): warning C4267: “=”: 从“size_t”转换到“long”，可能丢失数据
C:\Users\王子恒\Desktop\Geological-modeling-based-on-OpenGL\Build\TIN.cpp(310,35): warning C4267: “=”: 从“size_t”转换到“long”，可能丢失数据
C:\Users\王子恒\Desktop\Geological-modeling-based-on-OpenGL\Build\TIN.cpp(387,35): warning C4267: “=”: 从“size_t”转换到“long”，可能丢失数据
C:\Users\王子恒\Desktop\Geological-modeling-based-on-OpenGL\Build\TIN.cpp(400,35): warning C4267: “=”: 从“size_t”转换到“long”，可能丢失数据
  Tri.cpp
  main.cpp
C:\Users\王子恒\Desktop\Geological-modeling-based-on-OpenGL\Build\main.cpp(31,11): warning C4244: “=”: 从“double”转换到“float”，可能丢失数据
C:\Users\王子恒\Desktop\Geological-modeling-based-on-OpenGL\Build\main.cpp(32,11): warning C4244: “=”: 从“double”转换到“float”，可能丢失数据
C:\Users\王子恒\Desktop\Geological-modeling-based-on-OpenGL\Build\main.cpp(36,16): warning C4244: “初始化”: 从“double”转换到“float”，可能丢失数据
C:\Users\王子恒\Desktop\Geological-modeling-based-on-OpenGL\Build\main.cpp(37,16): warning C4244: “初始化”: 从“double”转换到“float”，可能丢失数据
C:\Users\王子恒\Desktop\Geological-modeling-based-on-OpenGL\Build\main.cpp(38,10): warning C4244: “=”: 从“double”转换到“float”，可能丢失数据
C:\Users\王子恒\Desktop\Geological-modeling-based-on-OpenGL\Build\main.cpp(39,10): warning C4244: “=”: 从“double”转换到“float”，可能丢失数据
C:\Users\王子恒\Desktop\Geological-modeling-based-on-OpenGL\Build\main.cpp(63,49): warning C4244: “-=”: 从“double”转换到“float”，可能丢失数据
C:\Users\王子恒\Desktop\Geological-modeling-based-on-OpenGL\Build\main.cpp(73,20): warning C4244: “初始化”: 从“double”转换到“float”，可能丢失数据
C:\Users\王子恒\Desktop\Geological-modeling-based-on-OpenGL\Build\main.cpp(136,22): warning C4244: “初始化”: 从“double”转换到“float”，可能丢失数据
  正在生成代码...
  Build.vcxproj -> C:\Users\王子恒\Desktop\Geological-modeling-based-on-OpenGL\x64\Debug\Build.exe
