c:\users\王子恒\desktop\geological-modeling-based-on-opengl\build\x64\debug\vc142.pdb
c:\users\王子恒\desktop\geological-modeling-based-on-opengl\build\x64\debug\vc142.idb
c:\users\王子恒\desktop\geological-modeling-based-on-opengl\build\x64\debug\tri.obj
c:\users\王子恒\desktop\geological-modeling-based-on-opengl\build\x64\debug\tin.obj
c:\users\王子恒\desktop\geological-modeling-based-on-opengl\build\x64\debug\shader.obj
c:\users\王子恒\desktop\geological-modeling-based-on-opengl\build\x64\debug\point.obj
c:\users\王子恒\desktop\geological-modeling-based-on-opengl\build\x64\debug\object.obj
c:\users\王子恒\desktop\geological-modeling-based-on-opengl\build\x64\debug\main.obj
c:\users\王子恒\desktop\geological-modeling-based-on-opengl\build\x64\debug\line.obj
c:\workspace\build\x64\debug\build.exe
c:\workspace\build\x64\debug\build.ilk
c:\workspace\build\x64\debug\build.pdb
c:\users\王子恒\desktop\geological-modeling-based-on-opengl\x64\debug\build.ilk
c:\users\王子恒\desktop\geological-modeling-based-on-opengl\x64\debug\build.exe
c:\users\王子恒\desktop\geological-modeling-based-on-opengl\x64\debug\build.pdb
c:\users\王子恒\desktop\geological-modeling-based-on-opengl\build\x64\debug\camera.obj
c:\users\王子恒\desktop\geological-modeling-based-on-opengl\build\x64\debug\build.tlog\cl.command.1.tlog
c:\users\王子恒\desktop\geological-modeling-based-on-opengl\build\x64\debug\build.tlog\cl.read.1.tlog
c:\users\王子恒\desktop\geological-modeling-based-on-opengl\build\x64\debug\build.tlog\cl.write.1.tlog
c:\users\王子恒\desktop\geological-modeling-based-on-opengl\build\x64\debug\build.tlog\link.command.1.tlog
c:\users\王子恒\desktop\geological-modeling-based-on-opengl\build\x64\debug\build.tlog\link.read.1.tlog
c:\users\王子恒\desktop\geological-modeling-based-on-opengl\build\x64\debug\build.tlog\link.write.1.tlog
